[  279875ms] [ERROR] Failed to load resource: the server responded with a status of 500 (Internal Server Error) @ http://localhost:5001/zh/services/property-tax/4049710051?_rsc=1wkfq:0
[  280151ms] [ERROR] Failed to load resource: the server responded with a status of 404 (Not Found) @ http://localhost:5001/_next/static/css/app/layout.css?v=1775159049654:0
[  280164ms] [ERROR] Failed to load resource: the server responded with a status of 404 (Not Found) @ http://localhost:5001/_next/static/chunks/main-app.js?v=1775159049654:0
[  280164ms] [ERROR] Failed to load resource: the server responded with a status of 404 (Not Found) @ http://localhost:5001/_next/static/chunks/app-pages-internals.js:0
[  280164ms] [ERROR] Failed to load resource: the server responded with a status of 404 (Not Found) @ http://localhost:5001/_next/static/chunks/app/%5Blocale%5D/(public)/layout.js:0
[  280164ms] [ERROR] Failed to load resource: the server responded with a status of 404 (Not Found) @ http://localhost:5001/_next/static/chunks/app/%5Blocale%5D/(public)/services/property-tax/%5Bbbl%5D/page.js:0
[  280164ms] [ERROR] Failed to load resource: the server responded with a status of 404 (Not Found) @ http://localhost:5001/_next/static/chunks/app/%5Blocale%5D/layout.js:0
[  293112ms] [ERROR] Failed to load resource: the server responded with a status of 500 (Internal Server Error) @ http://localhost:5001/zh/services/property-tax/4049710051:0
[  293319ms] Error: Cannot find module './vendor-chunks/@supabase.js'
Require stack:
- /Users/johntang/Desktop/clients/baam-local/apps/web/.next/server/webpack-runtime.js
- /Users/johntang/Desktop/clients/baam-local/apps/web/.next/server/app/[locale]/(public)/services/property-tax/[bbl]/page.js
- /Users/johntang/Desktop/clients/baam-local/node_modules/next/dist/server/require.js
- /Users/johntang/Desktop/clients/baam-local/node_modules/next/dist/server/load-components.js
- /Users/johntang/Desktop/clients/baam-local/node_modules/next/dist/build/utils.js
- /Users/johntang/Desktop/clients/baam-local/node_modules/next/dist/server/dev/static-paths-worker.js
- /Users/johntang/Desktop/clients/baam-local/node_modules/next/dist/compiled/jest-worker/processChild.js
    at Function.<anonymous> (node:internal/modules/cjs/loader:1405:15)
    at <unknown> (file:///Users/johntang/Desktop/clients/baam-local/node_modules/next/dist/server/require-hook.js:57:36)
    at defaultResolveImpl (node:internal/modules/cjs/loader:1061:19)
    at resolveForCJSWithHooks (node:internal/modules/cjs/loader:1066:22)
    at Function._load (node:internal/modules/cjs/loader:1215:37)
    at TracingChannel.traceSync (node:diagnostics_channel:322:14)
    at wrapModuleLoad (node:internal/modules/cjs/loader:235:24)
    at Module.<anonymous> (node:internal/modules/cjs/loader:1491:12)
    at mod.require (file:///Users/johntang/Desktop/clients/baam-local/node_modules/next/dist/server/require-hook.js:68:28)
    at require (node:internal/modules/helpers:135:16)
[  399997ms] [WARNING] [Fast Refresh] performing full reload because your application had an unrecoverable error @ webpack-internal:///(pages-dir-browser)/../../node_modules/next/dist/client/dev/hot-reloader/pages/hot-reloader-pages.js:347
[  400733ms] [ERROR] Failed to load resource: the server responded with a status of 500 (Internal Server Error) @ http://localhost:5001/zh/services/property-tax/4049710051:0
[  400850ms] Error: Cannot find module './vendor-chunks/@supabase.js'
Require stack:
- /Users/johntang/Desktop/clients/baam-local/apps/web/.next/server/webpack-runtime.js
- /Users/johntang/Desktop/clients/baam-local/apps/web/.next/server/app/[locale]/(public)/services/property-tax/[bbl]/page.js
- /Users/johntang/Desktop/clients/baam-local/node_modules/next/dist/server/require.js
- /Users/johntang/Desktop/clients/baam-local/node_modules/next/dist/server/load-components.js
- /Users/johntang/Desktop/clients/baam-local/node_modules/next/dist/build/utils.js
- /Users/johntang/Desktop/clients/baam-local/node_modules/next/dist/server/dev/static-paths-worker.js
- /Users/johntang/Desktop/clients/baam-local/node_modules/next/dist/compiled/jest-worker/processChild.js
    at Function.<anonymous> (node:internal/modules/cjs/loader:1405:15)
    at <unknown> (file:///Users/johntang/Desktop/clients/baam-local/node_modules/next/dist/server/require-hook.js:57:36)
    at defaultResolveImpl (node:internal/modules/cjs/loader:1061:19)
    at resolveForCJSWithHooks (node:internal/modules/cjs/loader:1066:22)
    at Function._load (node:internal/modules/cjs/loader:1215:37)
    at TracingChannel.traceSync (node:diagnostics_channel:322:14)
    at wrapModuleLoad (node:internal/modules/cjs/loader:235:24)
    at Module.<anonymous> (node:internal/modules/cjs/loader:1491:12)
    at mod.require (file:///Users/johntang/Desktop/clients/baam-local/node_modules/next/dist/server/require-hook.js:68:28)
    at require (node:internal/modules/helpers:135:16)
[  448344ms] [ERROR] Failed to load resource: the server responded with a status of 500 (Internal Server Error) @ http://localhost:5001/zh/services/property-tax/4049710051:0
[  448541ms] Error: Cannot find module './383.js'
Require stack:
- /Users/johntang/Desktop/clients/baam-local/apps/web/.next/server/webpack-runtime.js
- /Users/johntang/Desktop/clients/baam-local/apps/web/.next/server/app/api/services/property-tax/route.js
- /Users/johntang/Desktop/clients/baam-local/node_modules/next/dist/server/require.js
- /Users/johntang/Desktop/clients/baam-local/node_modules/next/dist/server/load-components.js
- /Users/johntang/Desktop/clients/baam-local/node_modules/next/dist/build/utils.js
- /Users/johntang/Desktop/clients/baam-local/node_modules/next/dist/build/swc/options.js
- /Users/johntang/Desktop/clients/baam-local/node_modules/next/dist/build/swc/index.js
- /Users/johntang/Desktop/clients/baam-local/node_modules/next/dist/build/next-config-ts/transpile-config.js
- /Users/johntang/Desktop/clients/baam-local/node_modules/next/dist/server/config.js
- /Users/johntang/Desktop/clients/baam-local/node_modules/next/dist/server/next.js
- /Users/johntang/Desktop/clients/baam-local/node_modules/next/dist/server/lib/start-server.js
    at Function.<anonymous> (node:internal/modules/cjs/loader:1405:15)
    at <unknown> (file:///Users/johntang/Desktop/clients/baam-local/node_modules/next/dist/server/require-hook.js:57:36)
    at defaultResolveImpl (node:internal/modules/cjs/loader:1061:19)
    at resolveForCJSWithHooks (node:internal/modules/cjs/loader:1066:22)
    at Function._load (node:internal/modules/cjs/loader:1215:37)
    at TracingChannel.traceSync (node:diagnostics_channel:322:14)
    at wrapModuleLoad (node:internal/modules/cjs/loader:235:24)
    at Module.<anonymous> (node:internal/modules/cjs/loader:1491:12)
    at mod.require (file:///Users/johntang/Desktop/clients/baam-local/node_modules/next/dist/server/require-hook.js:68:28)
    at require (node:internal/modules/helpers:135:16)
    at __webpack_require__.f.require (file:///Users/johntang/Desktop/clients/baam-local/apps/web/.next/server/webpack-runtime.js:195:28)
    at <unknown> (file:///Users/johntang/Desktop/clients/baam-local/apps/web/.next/server/webpack-runtime.js:108:40)
    at Array.reduce (<anonymous>)
    at __webpack_require__.e (file:///Users/johntang/Desktop/clients/baam-local/apps/web/.next/server/webpack-runtime.js:107:67)
    at Array.map (<anonymous>)
    at __webpack_require__.X (file:///Users/johntang/Desktop/clients/baam-local/apps/web/.next/server/webpack-runtime.js:159:22)
    at <unknown> (file:///Users/johntang/Desktop/clients/baam-local/apps/web/.next/server/pages/_document.js:1:327)
    at Object.<anonymous> (file:///Users/johntang/Desktop/clients/baam-local/apps/web/.next/server/pages/_document.js:1:373)
    at Module._compile (node:internal/modules/cjs/loader:1734:14)
    at Object..js (node:internal/modules/cjs/loader:1899:10)
    at Module.load (node:internal/modules/cjs/loader:1469:32)
    at Function._load (node:internal/modules/cjs/loader:1286:12)
    at TracingChannel.traceSync (node:diagnostics_channel:322:14)
    at wrapModuleLoad (node:internal/modules/cjs/loader:235:24)
    at Module.<anonymous> (node:internal/modules/cjs/loader:1491:12)
    at mod.require (file:///Users/johntang/Desktop/clients/baam-local/node_modules/next/dist/server/require-hook.js:68:28)
    at require (node:internal/modules/helpers:135:16)
    at requirePage (file:///Users/johntang/Desktop/clients/baam-local/node_modules/next/dist/server/require.js:99:80)
    at loadComponentsImpl (file:///Users/johntang/Desktop/clients/baam-local/node_modules/next/dist/server/load-components.js:86:38)
    at DevServer.findPageComponentsImpl (file:///Users/johntang/Desktop/clients/baam-local/node_modules/next/dist/server/next-server.js:899:77)
    at <unknown> (file:///Users/johntang/Desktop/clients/baam-local/node_modules/next/dist/server/next-server.js:877:21)
    at <unknown> (file:///Users/johntang/Desktop/clients/baam-local/node_modules/next/dist/server/lib/trace/tracer.js:184:36)
    at NoopContextManager.with (file:///Users/johntang/Desktop/clients/baam-local/node_modules/next/dist/compiled/@opentelemetry/api/index.js:1:7062)
    at ContextAPI.with (file:///Users/johntang/Desktop/clients/baam-local/node_modules/next/dist/compiled/@opentelemetry/api/index.js:1:518)
    at NoopTracer.startActiveSpan (file:///Users/johntang/Desktop/clients/baam-local/node_modules/next/dist/compiled/@opentelemetry/api/index.js:1:18093)
    at ProxyTracer.startActiveSpan (file:///Users/johntang/Desktop/clients/baam-local/node_modules/next/dist/compiled/@opentelemetry/api/index.js:1:18854)
    at <unknown> (file:///Users/johntang/Desktop/clients/baam-local/node_modules/next/dist/server/lib/trace/tracer.js:153:103)
    at NoopContextManager.with (file:///Users/johntang/Desktop/clients/baam-local/node_modules/next/dist/compiled/@opentelemetry/api/index.js:1:7062)
    at ContextAPI.with (file:///Users/johntang/Desktop/clients/baam-local/node_modules/next/dist/compiled/@opentelemetry/api/index.js:1:518)
    at NextTracerImpl.trace (file:///Users/johntang/Desktop/clients/baam-local/node_modules/next/dist/server/lib/trace/tracer.js:153:28)
    at DevServer.findPageComponents (file:///Users/johntang/Desktop/clients/baam-local/node_modules/next/dist/server/next-server.js:872:41)
    at DevServer.findPageComponents (file:///Users/johntang/Desktop/clients/baam-local/node_modules/next/dist/server/dev/next-dev-server.js:706:28)
    at async DevServer.renderErrorToResponseImpl (file:///Users/johntang/Desktop/clients/baam-local/node_modules/next/dist/server/base-server.js:1687:26)
    at async pipe.req.req (file:///Users/johntang/Desktop/clients/baam-local/node_modules/next/dist/server/base-server.js:1610:30)
    at async DevServer.pipeImpl (file:///Users/johntang/Desktop/clients/baam-local/node_modules/next/dist/server/base-server.js:1025:25)
    at async NextNodeServer.handleCatchallRenderRequest (file:///Users/johntang/Desktop/clients/baam-local/node_modules/next/dist/server/next-server.js:408:21)
    at async DevServer.handleRequestImpl (file:///Users/johntang/Desktop/clients/baam-local/node_modules/next/dist/server/base-server.js:916:17)
    at async (file:///Users/johntang/Desktop/clients/baam-local/node_modules/next/dist/server/dev/next-dev-server.js:400:20)
    at async Span.traceAsyncFn (file:///Users/johntang/Desktop/clients/baam-local/node_modules/next/dist/trace/trace.js:157:20)
    at async DevServer.handleRequest (file:///Users/johntang/Desktop/clients/baam-local/node_modules/next/dist/server/dev/next-dev-server.js:396:24)
[  506258ms] [ERROR] Failed to load resource: the server responded with a status of 500 (Internal Server Error) @ http://localhost:5001/zh/services/property-tax/4049710051:0
[  506365ms] Error: Cannot find module './383.js'
Require stack:
- /Users/johntang/Desktop/clients/baam-local/apps/web/.next/server/webpack-runtime.js
- /Users/johntang/Desktop/clients/baam-local/apps/web/.next/server/app/api/services/property-tax/route.js
- /Users/johntang/Desktop/clients/baam-local/node_modules/next/dist/server/require.js
- /Users/johntang/Desktop/clients/baam-local/node_modules/next/dist/server/load-components.js
- /Users/johntang/Desktop/clients/baam-local/node_modules/next/dist/build/utils.js
- /Users/johntang/Desktop/clients/baam-local/node_modules/next/dist/build/swc/options.js
- /Users/johntang/Desktop/clients/baam-local/node_modules/next/dist/build/swc/index.js
- /Users/johntang/Desktop/clients/baam-local/node_modules/next/dist/build/next-config-ts/transpile-config.js
- /Users/johntang/Desktop/clients/baam-local/node_modules/next/dist/server/config.js
- /Users/johntang/Desktop/clients/baam-local/node_modules/next/dist/server/next.js
- /Users/johntang/Desktop/clients/baam-local/node_modules/next/dist/server/lib/start-server.js
    at Function.<anonymous> (node:internal/modules/cjs/loader:1405:15)
    at <unknown> (file:///Users/johntang/Desktop/clients/baam-local/node_modules/next/dist/server/require-hook.js:57:36)
    at defaultResolveImpl (node:internal/modules/cjs/loader:1061:19)
    at resolveForCJSWithHooks (node:internal/modules/cjs/loader:1066:22)
    at Function._load (node:internal/modules/cjs/loader:1215:37)
    at TracingChannel.traceSync (node:diagnostics_channel:322:14)
    at wrapModuleLoad (node:internal/modules/cjs/loader:235:24)
    at Module.<anonymous> (node:internal/modules/cjs/loader:1491:12)
    at mod.require (file:///Users/johntang/Desktop/clients/baam-local/node_modules/next/dist/server/require-hook.js:68:28)
    at require (node:internal/modules/helpers:135:16)
    at __webpack_require__.f.require (file:///Users/johntang/Desktop/clients/baam-local/apps/web/.next/server/webpack-runtime.js:195:28)
    at <unknown> (file:///Users/johntang/Desktop/clients/baam-local/apps/web/.next/server/webpack-runtime.js:108:40)
    at Array.reduce (<anonymous>)
    at __webpack_require__.e (file:///Users/johntang/Desktop/clients/baam-local/apps/web/.next/server/webpack-runtime.js:107:67)
    at Array.map (<anonymous>)
    at __webpack_require__.X (file:///Users/johntang/Desktop/clients/baam-local/apps/web/.next/server/webpack-runtime.js:159:22)
    at <unknown> (file:///Users/johntang/Desktop/clients/baam-local/apps/web/.next/server/pages/_document.js:1:327)
    at Object.<anonymous> (file:///Users/johntang/Desktop/clients/baam-local/apps/web/.next/server/pages/_document.js:1:373)
    at Module._compile (node:internal/modules/cjs/loader:1734:14)
    at Object..js (node:internal/modules/cjs/loader:1899:10)
    at Module.load (node:internal/modules/cjs/loader:1469:32)
    at Function._load (node:internal/modules/cjs/loader:1286:12)
    at TracingChannel.traceSync (node:diagnostics_channel:322:14)
    at wrapModuleLoad (node:internal/modules/cjs/loader:235:24)
    at Module.<anonymous> (node:internal/modules/cjs/loader:1491:12)
    at mod.require (file:///Users/johntang/Desktop/clients/baam-local/node_modules/next/dist/server/require-hook.js:68:28)
    at require (node:internal/modules/helpers:135:16)
    at requirePage (file:///Users/johntang/Desktop/clients/baam-local/node_modules/next/dist/server/require.js:99:80)
    at loadComponentsImpl (file:///Users/johntang/Desktop/clients/baam-local/node_modules/next/dist/server/load-components.js:86:38)
    at DevServer.findPageComponentsImpl (file:///Users/johntang/Desktop/clients/baam-local/node_modules/next/dist/server/next-server.js:899:77)
    at <unknown> (file:///Users/johntang/Desktop/clients/baam-local/node_modules/next/dist/server/next-server.js:877:21)
    at <unknown> (file:///Users/johntang/Desktop/clients/baam-local/node_modules/next/dist/server/lib/trace/tracer.js:184:36)
    at NoopContextManager.with (file:///Users/johntang/Desktop/clients/baam-local/node_modules/next/dist/compiled/@opentelemetry/api/index.js:1:7062)
    at ContextAPI.with (file:///Users/johntang/Desktop/clients/baam-local/node_modules/next/dist/compiled/@opentelemetry/api/index.js:1:518)
    at NoopTracer.startActiveSpan (file:///Users/johntang/Desktop/clients/baam-local/node_modules/next/dist/compiled/@opentelemetry/api/index.js:1:18093)
    at ProxyTracer.startActiveSpan (file:///Users/johntang/Desktop/clients/baam-local/node_modules/next/dist/compiled/@opentelemetry/api/index.js:1:18854)
    at <unknown> (file:///Users/johntang/Desktop/clients/baam-local/node_modules/next/dist/server/lib/trace/tracer.js:153:103)
    at NoopContextManager.with (file:///Users/johntang/Desktop/clients/baam-local/node_modules/next/dist/compiled/@opentelemetry/api/index.js:1:7062)
    at ContextAPI.with (file:///Users/johntang/Desktop/clients/baam-local/node_modules/next/dist/compiled/@opentelemetry/api/index.js:1:518)
    at NextTracerImpl.trace (file:///Users/johntang/Desktop/clients/baam-local/node_modules/next/dist/server/lib/trace/tracer.js:153:28)
    at DevServer.findPageComponents (file:///Users/johntang/Desktop/clients/baam-local/node_modules/next/dist/server/next-server.js:872:41)
    at DevServer.findPageComponents (file:///Users/johntang/Desktop/clients/baam-local/node_modules/next/dist/server/dev/next-dev-server.js:706:28)
    at async DevServer.renderErrorToResponseImpl (file:///Users/johntang/Desktop/clients/baam-local/node_modules/next/dist/server/base-server.js:1687:26)
    at async pipe.req.req (file:///Users/johntang/Desktop/clients/baam-local/node_modules/next/dist/server/base-server.js:1610:30)
    at async DevServer.pipeImpl (file:///Users/johntang/Desktop/clients/baam-local/node_modules/next/dist/server/base-server.js:1025:25)
    at async NextNodeServer.handleCatchallRenderRequest (file:///Users/johntang/Desktop/clients/baam-local/node_modules/next/dist/server/next-server.js:408:21)
    at async DevServer.handleRequestImpl (file:///Users/johntang/Desktop/clients/baam-local/node_modules/next/dist/server/base-server.js:916:17)
    at async (file:///Users/johntang/Desktop/clients/baam-local/node_modules/next/dist/server/dev/next-dev-server.js:400:20)
    at async Span.traceAsyncFn (file:///Users/johntang/Desktop/clients/baam-local/node_modules/next/dist/trace/trace.js:157:20)
    at async DevServer.handleRequest (file:///Users/johntang/Desktop/clients/baam-local/node_modules/next/dist/server/dev/next-dev-server.js:396:24)
[  507182ms] [ERROR] Failed to load resource: the server responded with a status of 500 (Internal Server Error) @ http://localhost:5001/zh/services/property-tax/4049710051:0
[  507289ms] Error: Cannot find module './383.js'
Require stack:
- /Users/johntang/Desktop/clients/baam-local/apps/web/.next/server/webpack-runtime.js
- /Users/johntang/Desktop/clients/baam-local/apps/web/.next/server/app/api/services/property-tax/route.js
- /Users/johntang/Desktop/clients/baam-local/node_modules/next/dist/server/require.js
- /Users/johntang/Desktop/clients/baam-local/node_modules/next/dist/server/load-components.js
- /Users/johntang/Desktop/clients/baam-local/node_modules/next/dist/build/utils.js
- /Users/johntang/Desktop/clients/baam-local/node_modules/next/dist/build/swc/options.js
- /Users/johntang/Desktop/clients/baam-local/node_modules/next/dist/build/swc/index.js
- /Users/johntang/Desktop/clients/baam-local/node_modules/next/dist/build/next-config-ts/transpile-config.js
- /Users/johntang/Desktop/clients/baam-local/node_modules/next/dist/server/config.js
- /Users/johntang/Desktop/clients/baam-local/node_modules/next/dist/server/next.js
- /Users/johntang/Desktop/clients/baam-local/node_modules/next/dist/server/lib/start-server.js
    at Function.<anonymous> (node:internal/modules/cjs/loader:1405:15)
    at <unknown> (file:///Users/johntang/Desktop/clients/baam-local/node_modules/next/dist/server/require-hook.js:57:36)
    at defaultResolveImpl (node:internal/modules/cjs/loader:1061:19)
    at resolveForCJSWithHooks (node:internal/modules/cjs/loader:1066:22)
    at Function._load (node:internal/modules/cjs/loader:1215:37)
    at TracingChannel.traceSync (node:diagnostics_channel:322:14)
    at wrapModuleLoad (node:internal/modules/cjs/loader:235:24)
    at Module.<anonymous> (node:internal/modules/cjs/loader:1491:12)
    at mod.require (file:///Users/johntang/Desktop/clients/baam-local/node_modules/next/dist/server/require-hook.js:68:28)
    at require (node:internal/modules/helpers:135:16)
    at __webpack_require__.f.require (file:///Users/johntang/Desktop/clients/baam-local/apps/web/.next/server/webpack-runtime.js:195:28)
    at <unknown> (file:///Users/johntang/Desktop/clients/baam-local/apps/web/.next/server/webpack-runtime.js:108:40)
    at Array.reduce (<anonymous>)
    at __webpack_require__.e (file:///Users/johntang/Desktop/clients/baam-local/apps/web/.next/server/webpack-runtime.js:107:67)
    at Array.map (<anonymous>)
    at __webpack_require__.X (file:///Users/johntang/Desktop/clients/baam-local/apps/web/.next/server/webpack-runtime.js:159:22)
    at <unknown> (file:///Users/johntang/Desktop/clients/baam-local/apps/web/.next/server/pages/_document.js:1:327)
    at Object.<anonymous> (file:///Users/johntang/Desktop/clients/baam-local/apps/web/.next/server/pages/_document.js:1:373)
    at Module._compile (node:internal/modules/cjs/loader:1734:14)
    at Object..js (node:internal/modules/cjs/loader:1899:10)
    at Module.load (node:internal/modules/cjs/loader:1469:32)
    at Function._load (node:internal/modules/cjs/loader:1286:12)
    at TracingChannel.traceSync (node:diagnostics_channel:322:14)
    at wrapModuleLoad (node:internal/modules/cjs/loader:235:24)
    at Module.<anonymous> (node:internal/modules/cjs/loader:1491:12)
    at mod.require (file:///Users/johntang/Desktop/clients/baam-local/node_modules/next/dist/server/require-hook.js:68:28)
    at require (node:internal/modules/helpers:135:16)
    at requirePage (file:///Users/johntang/Desktop/clients/baam-local/node_modules/next/dist/server/require.js:99:80)
    at loadComponentsImpl (file:///Users/johntang/Desktop/clients/baam-local/node_modules/next/dist/server/load-components.js:86:38)
    at DevServer.findPageComponentsImpl (file:///Users/johntang/Desktop/clients/baam-local/node_modules/next/dist/server/next-server.js:899:77)
    at <unknown> (file:///Users/johntang/Desktop/clients/baam-local/node_modules/next/dist/server/next-server.js:877:21)
    at <unknown> (file:///Users/johntang/Desktop/clients/baam-local/node_modules/next/dist/server/lib/trace/tracer.js:184:36)
    at NoopContextManager.with (file:///Users/johntang/Desktop/clients/baam-local/node_modules/next/dist/compiled/@opentelemetry/api/index.js:1:7062)
    at ContextAPI.with (file:///Users/johntang/Desktop/clients/baam-local/node_modules/next/dist/compiled/@opentelemetry/api/index.js:1:518)
    at NoopTracer.startActiveSpan (file:///Users/johntang/Desktop/clients/baam-local/node_modules/next/dist/compiled/@opentelemetry/api/index.js:1:18093)
    at ProxyTracer.startActiveSpan (file:///Users/johntang/Desktop/clients/baam-local/node_modules/next/dist/compiled/@opentelemetry/api/index.js:1:18854)
    at <unknown> (file:///Users/johntang/Desktop/clients/baam-local/node_modules/next/dist/server/lib/trace/tracer.js:153:103)
    at NoopContextManager.with (file:///Users/johntang/Desktop/clients/baam-local/node_modules/next/dist/compiled/@opentelemetry/api/index.js:1:7062)
    at ContextAPI.with (file:///Users/johntang/Desktop/clients/baam-local/node_modules/next/dist/compiled/@opentelemetry/api/index.js:1:518)
    at NextTracerImpl.trace (file:///Users/johntang/Desktop/clients/baam-local/node_modules/next/dist/server/lib/trace/tracer.js:153:28)
    at DevServer.findPageComponents (file:///Users/johntang/Desktop/clients/baam-local/node_modules/next/dist/server/next-server.js:872:41)
    at DevServer.findPageComponents (file:///Users/johntang/Desktop/clients/baam-local/node_modules/next/dist/server/dev/next-dev-server.js:706:28)
    at async DevServer.renderErrorToResponseImpl (file:///Users/johntang/Desktop/clients/baam-local/node_modules/next/dist/server/base-server.js:1687:26)
    at async pipe.req.req (file:///Users/johntang/Desktop/clients/baam-local/node_modules/next/dist/server/base-server.js:1610:30)
    at async DevServer.pipeImpl (file:///Users/johntang/Desktop/clients/baam-local/node_modules/next/dist/server/base-server.js:1025:25)
    at async NextNodeServer.handleCatchallRenderRequest (file:///Users/johntang/Desktop/clients/baam-local/node_modules/next/dist/server/next-server.js:408:21)
    at async DevServer.handleRequestImpl (file:///Users/johntang/Desktop/clients/baam-local/node_modules/next/dist/server/base-server.js:916:17)
    at async (file:///Users/johntang/Desktop/clients/baam-local/node_modules/next/dist/server/dev/next-dev-server.js:400:20)
    at async Span.traceAsyncFn (file:///Users/johntang/Desktop/clients/baam-local/node_modules/next/dist/trace/trace.js:157:20)
    at async DevServer.handleRequest (file:///Users/johntang/Desktop/clients/baam-local/node_modules/next/dist/server/dev/next-dev-server.js:396:24)
[  507939ms] [ERROR] Failed to load resource: the server responded with a status of 500 (Internal Server Error) @ http://localhost:5001/zh/services/property-tax/4049710051:0
[  508113ms] Error: Cannot find module './383.js'
Require stack:
- /Users/johntang/Desktop/clients/baam-local/apps/web/.next/server/webpack-runtime.js
- /Users/johntang/Desktop/clients/baam-local/apps/web/.next/server/app/api/services/property-tax/route.js
- /Users/johntang/Desktop/clients/baam-local/node_modules/next/dist/server/require.js
- /Users/johntang/Desktop/clients/baam-local/node_modules/next/dist/server/load-components.js
- /Users/johntang/Desktop/clients/baam-local/node_modules/next/dist/build/utils.js
- /Users/johntang/Desktop/clients/baam-local/node_modules/next/dist/build/swc/options.js
- /Users/johntang/Desktop/clients/baam-local/node_modules/next/dist/build/swc/index.js
- /Users/johntang/Desktop/clients/baam-local/node_modules/next/dist/build/next-config-ts/transpile-config.js
- /Users/johntang/Desktop/clients/baam-local/node_modules/next/dist/server/config.js
- /Users/johntang/Desktop/clients/baam-local/node_modules/next/dist/server/next.js
- /Users/johntang/Desktop/clients/baam-local/node_modules/next/dist/server/lib/start-server.js
    at Function.<anonymous> (node:internal/modules/cjs/loader:1405:15)
    at <unknown> (file:///Users/johntang/Desktop/clients/baam-local/node_modules/next/dist/server/require-hook.js:57:36)
    at defaultResolveImpl (node:internal/modules/cjs/loader:1061:19)
    at resolveForCJSWithHooks (node:internal/modules/cjs/loader:1066:22)
    at Function._load (node:internal/modules/cjs/loader:1215:37)
    at TracingChannel.traceSync (node:diagnostics_channel:322:14)
    at wrapModuleLoad (node:internal/modules/cjs/loader:235:24)
    at Module.<anonymous> (node:internal/modules/cjs/loader:1491:12)
    at mod.require (file:///Users/johntang/Desktop/clients/baam-local/node_modules/next/dist/server/require-hook.js:68:28)
    at require (node:internal/modules/helpers:135:16)
    at __webpack_require__.f.require (file:///Users/johntang/Desktop/clients/baam-local/apps/web/.next/server/webpack-runtime.js:195:28)
    at <unknown> (file:///Users/johntang/Desktop/clients/baam-local/apps/web/.next/server/webpack-runtime.js:108:40)
    at Array.reduce (<anonymous>)
    at __webpack_require__.e (file:///Users/johntang/Desktop/clients/baam-local/apps/web/.next/server/webpack-runtime.js:107:67)
    at Array.map (<anonymous>)
    at __webpack_require__.X (file:///Users/johntang/Desktop/clients/baam-local/apps/web/.next/server/webpack-runtime.js:159:22)
    at <unknown> (file:///Users/johntang/Desktop/clients/baam-local/apps/web/.next/server/pages/_document.js:1:327)
    at Object.<anonymous> (file:///Users/johntang/Desktop/clients/baam-local/apps/web/.next/server/pages/_document.js:1:373)
    at Module._compile (node:internal/modules/cjs/loader:1734:14)
    at Object..js (node:internal/modules/cjs/loader:1899:10)
    at Module.load (node:internal/modules/cjs/loader:1469:32)
    at Function._load (node:internal/modules/cjs/loader:1286:12)
    at TracingChannel.traceSync (node:diagnostics_channel:322:14)
    at wrapModuleLoad (node:internal/modules/cjs/loader:235:24)
    at Module.<anonymous> (node:internal/modules/cjs/loader:1491:12)
    at mod.require (file:///Users/johntang/Desktop/clients/baam-local/node_modules/next/dist/server/require-hook.js:68:28)
    at require (node:internal/modules/helpers:135:16)
    at requirePage (file:///Users/johntang/Desktop/clients/baam-local/node_modules/next/dist/server/require.js:99:80)
    at loadComponentsImpl (file:///Users/johntang/Desktop/clients/baam-local/node_modules/next/dist/server/load-components.js:86:38)
    at DevServer.findPageComponentsImpl (file:///Users/johntang/Desktop/clients/baam-local/node_modules/next/dist/server/next-server.js:899:77)
    at <unknown> (file:///Users/johntang/Desktop/clients/baam-local/node_modules/next/dist/server/next-server.js:877:21)
    at <unknown> (file:///Users/johntang/Desktop/clients/baam-local/node_modules/next/dist/server/lib/trace/tracer.js:184:36)
    at NoopContextManager.with (file:///Users/johntang/Desktop/clients/baam-local/node_modules/next/dist/compiled/@opentelemetry/api/index.js:1:7062)
    at ContextAPI.with (file:///Users/johntang/Desktop/clients/baam-local/node_modules/next/dist/compiled/@opentelemetry/api/index.js:1:518)
    at NoopTracer.startActiveSpan (file:///Users/johntang/Desktop/clients/baam-local/node_modules/next/dist/compiled/@opentelemetry/api/index.js:1:18093)
    at ProxyTracer.startActiveSpan (file:///Users/johntang/Desktop/clients/baam-local/node_modules/next/dist/compiled/@opentelemetry/api/index.js:1:18854)
    at <unknown> (file:///Users/johntang/Desktop/clients/baam-local/node_modules/next/dist/server/lib/trace/tracer.js:153:103)
    at NoopContextManager.with (file:///Users/johntang/Desktop/clients/baam-local/node_modules/next/dist/compiled/@opentelemetry/api/index.js:1:7062)
    at ContextAPI.with (file:///Users/johntang/Desktop/clients/baam-local/node_modules/next/dist/compiled/@opentelemetry/api/index.js:1:518)
    at NextTracerImpl.trace (file:///Users/johntang/Desktop/clients/baam-local/node_modules/next/dist/server/lib/trace/tracer.js:153:28)
    at DevServer.findPageComponents (file:///Users/johntang/Desktop/clients/baam-local/node_modules/next/dist/server/next-server.js:872:41)
    at DevServer.findPageComponents (file:///Users/johntang/Desktop/clients/baam-local/node_modules/next/dist/server/dev/next-dev-server.js:706:28)
    at async DevServer.renderErrorToResponseImpl (file:///Users/johntang/Desktop/clients/baam-local/node_modules/next/dist/server/base-server.js:1687:26)
    at async pipe.req.req (file:///Users/johntang/Desktop/clients/baam-local/node_modules/next/dist/server/base-server.js:1610:30)
    at async DevServer.pipeImpl (file:///Users/johntang/Desktop/clients/baam-local/node_modules/next/dist/server/base-server.js:1025:25)
    at async NextNodeServer.handleCatchallRenderRequest (file:///Users/johntang/Desktop/clients/baam-local/node_modules/next/dist/server/next-server.js:408:21)
    at async DevServer.handleRequestImpl (file:///Users/johntang/Desktop/clients/baam-local/node_modules/next/dist/server/base-server.js:916:17)
    at async (file:///Users/johntang/Desktop/clients/baam-local/node_modules/next/dist/server/dev/next-dev-server.js:400:20)
    at async Span.traceAsyncFn (file:///Users/johntang/Desktop/clients/baam-local/node_modules/next/dist/trace/trace.js:157:20)
    at async DevServer.handleRequest (file:///Users/johntang/Desktop/clients/baam-local/node_modules/next/dist/server/dev/next-dev-server.js:396:24)
